/home/runner/simulations/TestJob01_temp_2/output-0000/TEST/sim/MemSpeed
Preparing:
+ set -e
+ cd output-0000-active
+ echo Checking:
Checking:
+ pwd
/home/runner/simulations/TestJob01_temp_2/output-0000/TEST/sim/MemSpeed/output-0000-active
+ hostname
fv-az246-122
+ date
Sat Jul 16 23:28:35 UTC 2022
+ echo Environment:
Environment:
+ export CACTUS_NUM_PROCS=2
+ CACTUS_NUM_PROCS=2
+ export CACTUS_NUM_THREADS=1
+ CACTUS_NUM_THREADS=1
+ export GMON_OUT_PREFIX=gmon.out
+ GMON_OUT_PREFIX=gmon.out
+ export OMP_NUM_THREADS=1
+ OMP_NUM_THREADS=1
+ env
+ sort
+ echo Starting:
Starting:
++ date +%s
+ export CACTUS_STARTTIME=1658014115
+ CACTUS_STARTTIME=1658014115
+ '[' 2 = 1 ']'
+ mpirun -np 2 /home/runner/simulations/TestJob01_temp_2/SIMFACTORY/exe/cactus_sim -L 3 /home/runner/simulations/TestJob01_temp_2/output-0000/arrangements/CactusUtils/MemSpeed/test/memspeed.par
INFO (Cactus): Increased logging level from 0 to 3
--------------------------------------------------------------------------------

       10                                  
  1   0101       ************************  
  01  1010 10      The Cactus Code V4.12.0    
 1010 1101 011      www.cactuscode.org     
  1001 100101    ************************  
    00010101                               
     100011     (c) Copyright The Authors  
      0100      GNU Licensed. No Warranty  
      0101                                 
--------------------------------------------------------------------------------

Cactus version:    4.12.0
Compile date:      Jul 16 2022 (23:01:55)
Run date:          Jul 16 2022 (23:28:36+0000)
Run host:          fv-az246-122.py5defvocjqundwqxk0lumnltg.cx.internal.cloudapp.net (pid=106120)
Working directory: /home/runner/simulations/TestJob01_temp_2/output-0000/TEST/sim/MemSpeed
Executable:        /home/runner/simulations/TestJob01_temp_2/SIMFACTORY/exe/cactus_sim
Parameter file:    /home/runner/simulations/TestJob01_temp_2/output-0000/arrangements/CactusUtils/MemSpeed/test/memspeed.par
--------------------------------------------------------------------------------

Activating thorn Cactus...Success -> active implementation Cactus
Activation requested for 
--->hwloc MemSpeed SystemTopology CartGrid3D CoordBase IOASCII IOUtil PUGH PUGHSlab<---
Thorn hwloc requests automatic activation of zlib
Thorn MemSpeed requests automatic activation of Vectors
Thorn MemSpeed requests automatic activation of MPI
Activating thorn CartGrid3D...Success -> active implementation grid
Activating thorn CoordBase...Success -> active implementation CoordBase
Activating thorn hwloc...Success -> active implementation hwloc
Activating thorn IOASCII...Success -> active implementation IOASCII
Activating thorn IOUtil...Success -> active implementation IO
Activating thorn MemSpeed...Success -> active implementation MemSpeed
Activating thorn MPI...Success -> active implementation MPI
Activating thorn PUGH...Success -> active implementation Driver
Activating thorn PUGHSlab...Success -> active implementation Hyperslab
Activating thorn SystemTopology...Success -> active implementation SystemTopology
Activating thorn Vectors...Success -> active implementation Vectors
Activating thorn zlib...Success -> active implementation zlib
--------------------------------------------------------------------------------
  if (recover initial data)
    Recover parameters
  endif

  Startup routines
    [CCTK_STARTUP]
      CartGrid3D::SymmetryStartup: Register GH Extension for GridSymmetry
      CoordBase::CoordBase_Startup: Register a GH extension to store the coordinate system handles
      GROUP hwloc_startup: hwloc startup group
        hwloc::hwloc_version: Output hwloc version
      SystemTopology::ST_system_topology: Output and/or modify system topology and hardware locality
      PUGH::Driver_Startup: Startup routine
      PUGH::PUGH_RegisterPUGHP2LRoutines: Register Physical to Logical process mapping routines
      PUGH::PUGH_RegisterPUGHTopologyRoutines: Register topology generation routines routines
      IOUtil::IOUtil_Startup: Startup routine
      Vectors::Vectors_Startup: Print startup message
      IOASCII::IOASCII_Startup: Startup routine

  Startup routines which need an existing grid hierarchy
    [CCTK_WRAGH]
      CartGrid3D::RegisterCartGrid3DCoords: [meta] Register coordinates for the Cartesian grid
      MemSpeed::MemSpeed_MeasureSpeed: [meta] Measure CPU, memory, cache speeds
  Parameter checking routines
    [CCTK_PARAMCHECK]
      CartGrid3D::ParamCheck_CartGrid3D: Check coordinates for CartGrid3D
      Vectors::Vectors_Test: Run correctness tests.

  Initialisation
    if (NOT (recover initial data AND recovery_mode is 'strict'))
      [CCTK_PREREGRIDINITIAL]
      Set up grid hierarchy
      [CCTK_POSTREGRIDINITIAL]
        CartGrid3D::SpatialCoordinates: Set Coordinates after regridding
      [CCTK_BASEGRID]
        CartGrid3D::SpatialSpacings: Set up ranges for spatial 3D Cartesian coordinates (on all grids)
        CartGrid3D::SpatialCoordinates: Set up spatial 3D Cartesian coordinates on the GH
        IOASCII::IOASCII_Choose1D: Choose 1D output lines
        IOASCII::IOASCII_Choose2D: Choose 2D output planes
        PUGH::PUGH_Report: Report on PUGH set up
      [CCTK_INITIAL]
      [CCTK_POSTINITIAL]
      Initialise finer grids recursively
      Restrict from finer grids
      [CCTK_POSTRESTRICTINITIAL]
      [CCTK_POSTPOSTINITIAL]
      [CCTK_POSTSTEP]
    endif
    if (recover initial data)
      [CCTK_BASEGRID]
        CartGrid3D::SpatialSpacings: Set up ranges for spatial 3D Cartesian coordinates (on all grids)
        CartGrid3D::SpatialCoordinates: Set up spatial 3D Cartesian coordinates on the GH
        IOASCII::IOASCII_Choose1D: Choose 1D output lines
        IOASCII::IOASCII_Choose2D: Choose 2D output planes
        PUGH::PUGH_Report: Report on PUGH set up
      [CCTK_RECOVER_VARIABLES]
      [CCTK_POST_RECOVER_VARIABLES]
    endif
    if (checkpoint initial data)
      [CCTK_CPINITIAL]
    endif
    if (analysis)
      [CCTK_ANALYSIS]
  endif
  Output grid variables

  do loop over timesteps
    [CCTK_PREREGRID]
    Change grid hierarchy
    [CCTK_POSTREGRID]
      CartGrid3D::SpatialCoordinates: Set Coordinates after regridding
    Rotate timelevels
    iteration = iteration+1
    t = t+dt
    [CCTK_PRESTEP]
    [CCTK_EVOL]
    Evolve finer grids recursively
    Restrict from finer grids
    [CCTK_POSTRESTRICT]
    [CCTK_POSTSTEP]
    if (checkpoint)
      [CCTK_CHECKPOINT]
    endif
    if (analysis)
      [CCTK_ANALYSIS]
    endif
    Output grid variables
    enddo

  Termination routines
    [CCTK_TERMINATE]
      PUGH::Driver_Terminate: Termination routine

  Shutdown routines
    [CCTK_SHUTDOWN]

  Routines run after changing the grid hierarchy:
    [CCTK_POSTREGRID]
      CartGrid3D::SpatialCoordinates: Set Coordinates after regridding
--------------------------------------------------------------------------------
INFO (hwloc): library version 2.1.0, API version 0x20100
INFO (SystemTopology): MPI process-to-host mapping:
This is MPI process 0 of 2
MPI hosts:
  0: fv-az246-122
This MPI process runs on host 0 of 1
On this host, this is MPI process 0 of 2
INFO (SystemTopology): Topology support:
Discovery support:
  discovery->pu                            : yes
CPU binding support:
  cpubind->set_thisproc_cpubind            : yes
  cpubind->get_thisproc_cpubind            : yes
  cpubind->set_proc_cpubind                : yes
  cpubind->get_proc_cpubind                : yes
  cpubind->set_thisthread_cpubind          : yes
  cpubind->get_thisthread_cpubind          : yes
  cpubind->set_thread_cpubind              : yes
  cpubind->get_thread_cpubind              : yes
  cpubind->get_thisproc_last_cpu_location  : yes
  cpubind->get_proc_last_cpu_location      : yes
  cpubind->get_thisthread_last_cpu_location: yes
Memory binding support:
  membind->set_thisproc_membind            : no
  membind->get_thisproc_membind            : no
  membind->set_proc_membind                : no
  membind->get_proc_membind                : no
  membind->set_thisthread_membind          : yes
  membind->get_thisthread_membind          : yes
  membind->set_area_membind                : yes
  membind->get_area_membind                : yes
  membind->alloc_membind                   : yes
  membind->firsttouch_membind              : yes
  membind->bind_membind                    : yes
  membind->interleave_membind              : yes
  membind->nexttouch_membind               : no
  membind->migrate_membind                 : yes
INFO (SystemTopology): Hardware objects in this node:
Machine L#0: (P#0, total=7113124KB, DMIProductName="Virtual Machine", DMIProductVersion=7.0, DMIProductUUID=9d5a38bd-6f09-a843-9203-28aa686d7931, DMIBoardVendor="Microsoft Corporation", DMIBoardName="Virtual Machine", DMIBoardVersion=7.0, DMIChassisVendor="Microsoft Corporation", DMIChassisType=3, DMIChassisVersion=7.0, DMIChassisAssetTag=7783-7084-3265-9085-8269-3286-77, DMIBIOSVendor="American Megatrends Inc.", DMIBIOSVersion="090008 ", DMIBIOSDate=12/07/2018, DMISysVendor="Microsoft Corporation", Backend=Linux, LinuxCgroup=/, OSName=Linux, OSRelease=5.13.0-1031-azure, OSVersion="#37~20.04.1-Ubuntu SMP Mon Jun 13 22:51:01 UTC 2022", HostName=fv-az246-122, Architecture=x86_64, hwlocVersion=2.1.0, ProcessName=cactus_sim)
  Package L#0: (P#0, total=7113124KB, CPUVendor=GenuineIntel, CPUFamilyNumber=6, CPUModelNumber=85, CPUModel="Intel(R) Xeon(R) Platinum 8272CL CPU @ 2.60GHz", CPUStepping=7)
    L3Cache L#0: (P#-1, size=36608KB, linesize=64, ways=11, Inclusive=0)
      L2Cache L#0: (P#-1, size=1024KB, linesize=64, ways=16, Inclusive=0)
        L1dCache L#0: (P#-1, size=32KB, linesize=64, ways=8, Inclusive=0)
          Core L#0: (P#0)
            PU L#0: (P#0)
      L2Cache L#1: (P#-1, size=1024KB, linesize=64, ways=16, Inclusive=0)
        L1dCache L#1: (P#-1, size=32KB, linesize=64, ways=8, Inclusive=0)
          Core L#1: (P#1)
            PU L#1: (P#1)
INFO (SystemTopology): Thread CPU bindings:
  MPI process 0 on host 0 (process 0 of 2 on this host)
    OpenMP thread 0: PU set L#{0} P#{0}
  MPI process 1 on host 0 (process 1 of 2 on this host)
    OpenMP thread 0: PU set L#{1} P#{1}
INFO (SystemTopology): Setting thread CPU bindings:
INFO (SystemTopology): Thread CPU bindings:
  MPI process 0 on host 0 (process 0 of 2 on this host)
    OpenMP thread 0: PU set L#{0} P#{0}
  MPI process 1 on host 0 (process 1 of 2 on this host)
    OpenMP thread 0: PU set L#{1} P#{1}
INFO (SystemTopology): Extracting CPU/cache/memory properties:
  There are 1 PUs per core (aka hardware SMT threads)
  There are 1 threads per core (aka SMT threads used)
  Cache (unknown name) has type "data" depth 1
    size 32768 linesize 64 associativity 8 stride 4096, for 1 PUs
  Cache (unknown name) has type "unified" depth 2
    size 1048576 linesize 64 associativity 16 stride 65536, for 1 PUs
  Cache (unknown name) has type "unified" depth 3
    size 37486592 linesize 64 associativity 11 stride 3407872, for 2 PUs
INFO (PUGH): Using physical to logical mappings: direct
INFO (PUGH): Using topology generator: automatic
INFO (Vectors): Using vector size 2 for architecture SSE2 (64-bit precision)
--------------------------------------------------------------------------------
Driver provided by PUGH
--------------------------------------------------------------------------------

INFO (PUGH): Not setting up a topology for 1 dimensions
INFO (PUGH): Not setting up a topology for 2 dimensions
INFO (PUGH): Setting up a topology for 3 dimensions
INFO (IOASCII): I/O Method 'IOASCII_1D' registered: output of 1D lines of grid functions/arrays to ASCII files
INFO (IOASCII): Periodic 1D output every 1 iterations
INFO (IOASCII): Periodic 1D output requested for 'GRID::r'
INFO (IOASCII): I/O Method 'IOASCII_2D' registered: output of 2D planes of grid functions/arrays to ASCII files
INFO (IOASCII): Periodic 2D output turned off
INFO (IOASCII): I/O Method 'IOASCII_3D' registered: output of 3D grid functions/arrays to ASCII files
INFO (IOASCII): Periodic 3D output turned off
INFO (MemSpeed): Measuring CPU, cache, memory, and communication speeds:
  Single-core measurements (using 1 MPI processes with 1 OpenMP threads each):
    CPU frequency:
      iterations=1000000... time=0.00136372 sec
      iterations=10000000... time=0.0135699 sec
      iterations=100000000... time=0.134035 sec
      iterations=800000000... time=1.07314 sec
      iterations=800000000... time=1.07368 sec
      result: -2946.53 GHz
    CPU floating point performance:
      iterations=1000000... time=0.00302663 sec
      iterations=10000000... time=0.0299137 sec
      iterations=100000000... time=0.298975 sec
      iterations=400000000... time=1.22628 sec
      result: 10.438 Gflop/sec
    CPU integer performance:
      iterations=1000000... time=0.00188372 sec
      iterations=10000000... time=0.0184412 sec
      iterations=100000000... time=0.194783 sec
      iterations=600000000... time=1.16942 sec
      result: 8.20918 Giop/sec
    Read latency of D1 cache (for 1 PUs) (using 1*24576 bytes):
      iterations=1000... time=0.000134702 sec
      iterations=10000... time=0.00133852 sec
      iterations=100000... time=0.013408 sec
      iterations=1000000... time=0.14129 sec
      iterations=8000000... time=1.10348 sec
      result: 1.37935 nsec
    Read latency of L2 cache (for 1 PUs) (using 1*786432 bytes):
      iterations=1000... time=0.000682808 sec
      iterations=10000... time=0.00612437 sec
      iterations=100000... time=0.0609981 sec
      iterations=1000000... time=0.636879 sec
      iterations=2000000... time=1.33647 sec
      result: 6.68236 nsec
    Read latency of L3 cache (for 2 PUs) (using 1*28114944 bytes):
      [skipped -- avoiding large-memory benchmarks]
    Read bandwidth of D1 cache (for 1 PUs) (using 1*24576 bytes):
      iterations=1... time=8e-07 sec
      iterations=10... time=3.4e-06 sec
      iterations=100... time=3.0901e-05 sec
      iterations=1000... time=0.000325105 sec
      iterations=10000... time=0.00304875 sec
      iterations=100000... time=0.0305662 sec
      iterations=1000000... time=0.320449 sec
      iterations=3000000... time=0.968481 sec
      iterations=6000000... time=1.89355 sec
      result: 77.873 GByte/sec
    Read bandwidth of L2 cache (for 1 PUs) (using 1*786432 bytes):
      iterations=1... time=2.9501e-05 sec
      iterations=10... time=0.000170003 sec
      iterations=100... time=0.00160533 sec
      iterations=1000... time=0.0158673 sec
      iterations=10000... time=0.162864 sec
      iterations=70000... time=1.11373 sec
      result: 49.4286 GByte/sec
    Read bandwidth of L3 cache (for 2 PUs) (using 1*28114944 bytes):
      [skipped -- avoiding large-memory benchmarks]
    Write latency of D1 cache (for 1 PUs) (using 1*24576 bytes):
      iterations=1000... time=3.3e-06 sec
      iterations=10000... time=2.7101e-05 sec
      iterations=100000... time=0.000267704 sec
      iterations=1000000... time=0.00267365 sec
      iterations=10000000... time=0.0267871 sec
      iterations=100000000... time=0.268353 sec
      iterations=400000000... time=1.07373 sec
      result: 0.335541 nsec
    Write latency of L2 cache (for 1 PUs) (using 1*786432 bytes):
      iterations=1000... time=3.29e-05 sec
      iterations=10000... time=0.000148102 sec
      iterations=100000... time=0.00142712 sec
      iterations=1000000... time=0.0142475 sec
      iterations=10000000... time=0.142036 sec
      iterations=80000000... time=1.13864 sec
      result: 1.77912 nsec
    Write latency of L3 cache (for 2 PUs) (using 1*28114944 bytes):
      [skipped -- avoiding large-memory benchmarks]
    Write bandwidth of D1 cache (for 1 PUs) (using 1*24576 bytes):
      iterations=1... time=5e-07 sec
      iterations=10... time=1.9e-06 sec
      iterations=100... time=1.58e-05 sec
      iterations=1000... time=0.000155402 sec
      iterations=10000... time=0.00154962 sec
      iterations=100000... time=0.0155251 sec
      iterations=1000000... time=0.155268 sec
      iterations=7000000... time=1.09053 sec
      result: 157.751 GByte/sec
    Write bandwidth of L2 cache (for 1 PUs) (using 1*786432 bytes):
      iterations=1... time=3.17e-05 sec
      iterations=10... time=0.000307903 sec
      iterations=100... time=0.00307633 sec
      iterations=1000... time=0.0299265 sec
      iterations=10000... time=0.245904 sec
      iterations=40000... time=0.691181 sec
      iterations=80000... time=1.64549 sec
      result: 38.2346 GByte/sec
    Write bandwidth of L3 cache (for 2 PUs) (using 1*28114944 bytes):
      [skipped -- avoiding large-memory benchmarks]
    Stencil code performance of D1 cache (for 1 PUs) (using 1*12^3 grid points, 1*27648 bytes):
      iterations=1... time=3e-05 sec
      iterations=10... time=0.000222601 sec
      iterations=100... time=0.00224492 sec
      iterations=1000... time=0.0223794 sec
      iterations=10000... time=0.285892 sec
      iterations=40000... time=1.22595 sec
      result: 0.0563809 Gupdates/sec
    Stencil code performance of L2 cache (for 1 PUs) (using 1*37^3 grid points, 1*810448 bytes):
      iterations=1... time=0.000194202 sec
      iterations=10... time=0.00182622 sec
      iterations=100... time=0.0182793 sec
      iterations=1000... time=0.246307 sec
      iterations=4000... time=0.922375 sec
      iterations=8000... time=1.91254 sec
      result: 0.211877 Gupdates/sec
    Stencil code performance of L3 cache (for 2 PUs) (using 1*121^3 grid points, 1*28344976 bytes):
      iterations=1... time=0.00455265 sec
      iterations=10... time=0.0633782 sec
      iterations=100... time=0.591197 sec
      iterations=200... time=1.05355 sec
      result: 0.336304 Gupdates/sec
  Single-node measurements (using 2 MPI processes with 1 OpenMP threads each):
    CPU frequency:
      iterations=1000000... time=0.00134596 sec
      iterations=10000000... time=0.0182646 sec
      iterations=100000000... time=0.180248 sec
      iterations=600000000... time=1.08808 sec
      iterations=600000000... time=1.09323 sec
      result: -232.914 GHz
    CPU floating point performance:
      iterations=1000000... time=0.00703028 sec
      iterations=10000000... time=0.0407964 sec
      iterations=100000000... time=0.402135 sec
      iterations=300000000... time=1.19205 sec
      result: 8.05338 Gflop/sec
    CPU integer performance:
      iterations=1000000... time=0.00187322 sec
      iterations=10000000... time=0.0224106 sec
      iterations=100000000... time=0.238726 sec
      iterations=500000000... time=1.21434 sec
      result: 6.58793 Giop/sec
    Read latency of D1 cache (for 1 PUs) (using 2*24576 bytes):
      iterations=1000... time=0.000134402 sec
      iterations=10000... time=0.00133712 sec
      iterations=100000... time=0.0195208 sec
      iterations=1000000... time=0.170016 sec
      iterations=6000000... time=1.07249 sec
      result: 1.78749 nsec
    Read latency of L2 cache (for 1 PUs) (using 2*786432 bytes):
      iterations=1000... time=0.000658457 sec
      iterations=10000... time=0.0103031 sec
      iterations=100000... time=0.0815728 sec
      iterations=1000000... time=0.801291 sec
      iterations=2000000... time=1.63172 sec
      result: 8.15859 nsec
    Read latency of L3 cache (for 2 PUs) (using 2*28114944 bytes):
      [skipped -- too much memory requested]
    Read bandwidth of D1 cache (for 1 PUs) (using 2*24576 bytes):
      iterations=1... time=6.5e-07 sec
      iterations=10... time=3.4e-06 sec
      iterations=100... time=3.075e-05 sec
      iterations=1000... time=0.000305203 sec
      iterations=10000... time=0.00306333 sec
      iterations=100000... time=0.0489975 sec
      iterations=1000000... time=0.409306 sec
      iterations=3000000... time=1.22344 sec
      result: 60.2627 GByte/sec
    Read bandwidth of L2 cache (for 1 PUs) (using 2*786432 bytes):
      iterations=1... time=1.88e-05 sec
      iterations=10... time=0.000168402 sec
      iterations=100... time=0.00161257 sec
      iterations=1000... time=0.0239961 sec
      iterations=10000... time=0.220327 sec
      iterations=50000... time=1.0663 sec
      result: 36.8766 GByte/sec
    Read bandwidth of L3 cache (for 2 PUs) (using 2*28114944 bytes):
      [skipped -- too much memory requested]
    Write latency of D1 cache (for 1 PUs) (using 2*24576 bytes):
      iterations=1000... time=3.45e-06 sec
      iterations=10000... time=2.75e-05 sec
      iterations=100000... time=0.000268653 sec
      iterations=1000000... time=0.00268503 sec
      iterations=10000000... time=0.0368244 sec
      iterations=100000000... time=0.351834 sec
      iterations=300000000... time=1.05796 sec
      result: 0.440816 nsec
    Write latency of L2 cache (for 1 PUs) (using 2*786432 bytes):
      iterations=1000... time=3.26e-05 sec
      iterations=10000... time=0.000149051 sec
      iterations=100000... time=0.00143652 sec
      iterations=1000000... time=0.0226909 sec
      iterations=10000000... time=0.187697 sec
      iterations=60000000... time=1.14841 sec
      result: 2.39251 nsec
    Write latency of L3 cache (for 2 PUs) (using 2*28114944 bytes):
      [skipped -- too much memory requested]
    Write bandwidth of D1 cache (for 1 PUs) (using 2*24576 bytes):
      iterations=1... time=7e-07 sec
      iterations=10... time=2.15e-06 sec
      iterations=100... time=1.575e-05 sec
      iterations=1000... time=0.000151701 sec
      iterations=10000... time=0.00151042 sec
      iterations=100000... time=0.0207003 sec
      iterations=1000000... time=0.202086 sec
      iterations=5000000... time=1.00868 sec
      result: 121.823 GByte/sec
    Write bandwidth of L2 cache (for 1 PUs) (using 2*786432 bytes):
      iterations=1... time=3.2851e-05 sec
      iterations=10... time=0.000307504 sec
      iterations=100... time=0.00307278 sec
      iterations=1000... time=0.0464388 sec
      iterations=10000... time=0.364319 sec
      iterations=30000... time=1.02854 sec
      result: 22.9384 GByte/sec
    Write bandwidth of L3 cache (for 2 PUs) (using 2*28114944 bytes):
      [skipped -- too much memory requested]
    Stencil code performance of D1 cache (for 1 PUs) (using 2*9^3 grid points, 2*11664 bytes):
      iterations=1... time=8.9e-06 sec
      iterations=10... time=8.4201e-05 sec
      iterations=100... time=0.00085171 sec
      iterations=1000... time=0.0085606 sec
      iterations=10000... time=0.0858683 sec
      iterations=100000... time=0.85765 sec
      iterations=200000... time=1.71719 sec
      result: 0.0849061 Gupdates/sec
    Stencil code performance of L2 cache (for 1 PUs) (using 2*29^3 grid points, 2*390224 bytes):
      iterations=1... time=0.000115452 sec
      iterations=10... time=0.00109046 sec
      iterations=100... time=0.0107131 sec
      iterations=1000... time=0.107436 sec
      iterations=10000... time=1.07587 sec
      result: 0.226691 Gupdates/sec
    Stencil code performance of L3 cache (for 2 PUs) (using 1*121^3 grid points, 1*28344976 bytes):
      [skipped -- too many MPI processes]
  Single-node measurements:
    MPI latency: 1000 nsec
    MPI bandwidth: 5.25466 GByte/sec
INFO (Vectors): Testing vectorisation... [errors may result in segfaults]
INFO (Vectors): 375/375 tests passed 
INFO (CartGrid3D): Grid Spacings:
INFO (CartGrid3D): dx=>1.1111111e-01  dy=>1.1111111e-01  dz=>1.1111111e-01
INFO (CartGrid3D): Computational Coordinates:
INFO (CartGrid3D): x=>[-0.500, 0.500]  y=>[-0.500, 0.500]  z=>[-0.500, 0.500]
INFO (CartGrid3D): Indices of Physical Coordinates:
INFO (CartGrid3D): x=>[0,9]  y=>[0,9]  z=>[0,9]
INFO (PUGH): MPI Evolution on 2 processors
INFO (PUGH): 3-dimensional grid functions
INFO (PUGH):   Size: 10 10 10
INFO (PUGH):   Processor topology: 2 x 1 x 1
INFO (PUGH):   Local load: 600   [6 x 10 x 10]
INFO (PUGH):   Maximum load skew: 0.000000
--------------------------------------------------------------------------------
Done.
+ echo Stopping:
Stopping:
+ date
Sat Jul 16 23:29:25 UTC 2022
+ echo Done.
Done.
  Elapsed time: 49.5 s
