/home/runner/simulations/TestJob01_temp_1/output-0000/TEST/sim/MemSpeed
Preparing:
+ set -e
+ cd output-0000-active
+ echo Checking:
Checking:
+ pwd
/home/runner/simulations/TestJob01_temp_1/output-0000/TEST/sim/MemSpeed/output-0000-active
+ hostname
fv-az246-122
+ date
Sat Jul 16 23:08:30 UTC 2022
+ echo Environment:
Environment:
+ export CACTUS_NUM_PROCS=1
+ CACTUS_NUM_PROCS=1
+ export CACTUS_NUM_THREADS=2
+ CACTUS_NUM_THREADS=2
+ export GMON_OUT_PREFIX=gmon.out
+ GMON_OUT_PREFIX=gmon.out
+ export OMP_NUM_THREADS=2
+ OMP_NUM_THREADS=2
+ env
+ sort
+ echo Starting:
Starting:
++ date +%s
+ export CACTUS_STARTTIME=1658012910
+ CACTUS_STARTTIME=1658012910
+ '[' 1 = 1 ']'
+ '[' 0 -eq 0 ']'
+ /home/runner/simulations/TestJob01_temp_1/SIMFACTORY/exe/cactus_sim -L 3 /home/runner/simulations/TestJob01_temp_1/output-0000/arrangements/CactusUtils/MemSpeed/test/memspeed.par
INFO (Cactus): Increased logging level from 0 to 3
--------------------------------------------------------------------------------

       10                                  
  1   0101       ************************  
  01  1010 10      The Cactus Code V4.12.0    
 1010 1101 011      www.cactuscode.org     
  1001 100101    ************************  
    00010101                               
     100011     (c) Copyright The Authors  
      0100      GNU Licensed. No Warranty  
      0101                                 
--------------------------------------------------------------------------------

Cactus version:    4.12.0
Compile date:      Jul 16 2022 (23:01:55)
Run date:          Jul 16 2022 (23:08:31+0000)
Run host:          fv-az246-122.py5defvocjqundwqxk0lumnltg.cx.internal.cloudapp.net (pid=98971)
Working directory: /home/runner/simulations/TestJob01_temp_1/output-0000/TEST/sim/MemSpeed
Executable:        /home/runner/simulations/TestJob01_temp_1/SIMFACTORY/exe/cactus_sim
Parameter file:    /home/runner/simulations/TestJob01_temp_1/output-0000/arrangements/CactusUtils/MemSpeed/test/memspeed.par
--------------------------------------------------------------------------------

Activating thorn Cactus...Success -> active implementation Cactus
Activation requested for 
--->hwloc MemSpeed SystemTopology CartGrid3D CoordBase IOASCII IOUtil PUGH PUGHSlab<---
Thorn hwloc requests automatic activation of zlib
Thorn MemSpeed requests automatic activation of Vectors
Thorn MemSpeed requests automatic activation of MPI
Activating thorn CartGrid3D...Success -> active implementation grid
Activating thorn CoordBase...Success -> active implementation CoordBase
Activating thorn hwloc...Success -> active implementation hwloc
Activating thorn IOASCII...Success -> active implementation IOASCII
Activating thorn IOUtil...Success -> active implementation IO
Activating thorn MemSpeed...Success -> active implementation MemSpeed
Activating thorn MPI...Success -> active implementation MPI
Activating thorn PUGH...Success -> active implementation Driver
Activating thorn PUGHSlab...Success -> active implementation Hyperslab
Activating thorn SystemTopology...Success -> active implementation SystemTopology
Activating thorn Vectors...Success -> active implementation Vectors
Activating thorn zlib...Success -> active implementation zlib
--------------------------------------------------------------------------------
  if (recover initial data)
    Recover parameters
  endif

  Startup routines
    [CCTK_STARTUP]
      CartGrid3D::SymmetryStartup: Register GH Extension for GridSymmetry
      CoordBase::CoordBase_Startup: Register a GH extension to store the coordinate system handles
      GROUP hwloc_startup: hwloc startup group
        hwloc::hwloc_version: Output hwloc version
      SystemTopology::ST_system_topology: Output and/or modify system topology and hardware locality
      PUGH::Driver_Startup: Startup routine
      PUGH::PUGH_RegisterPUGHP2LRoutines: Register Physical to Logical process mapping routines
      PUGH::PUGH_RegisterPUGHTopologyRoutines: Register topology generation routines routines
      IOUtil::IOUtil_Startup: Startup routine
      Vectors::Vectors_Startup: Print startup message
      IOASCII::IOASCII_Startup: Startup routine

  Startup routines which need an existing grid hierarchy
    [CCTK_WRAGH]
      CartGrid3D::RegisterCartGrid3DCoords: [meta] Register coordinates for the Cartesian grid
      MemSpeed::MemSpeed_MeasureSpeed: [meta] Measure CPU, memory, cache speeds
  Parameter checking routines
    [CCTK_PARAMCHECK]
      CartGrid3D::ParamCheck_CartGrid3D: Check coordinates for CartGrid3D
      Vectors::Vectors_Test: Run correctness tests.

  Initialisation
    if (NOT (recover initial data AND recovery_mode is 'strict'))
      [CCTK_PREREGRIDINITIAL]
      Set up grid hierarchy
      [CCTK_POSTREGRIDINITIAL]
        CartGrid3D::SpatialCoordinates: Set Coordinates after regridding
      [CCTK_BASEGRID]
        CartGrid3D::SpatialSpacings: Set up ranges for spatial 3D Cartesian coordinates (on all grids)
        CartGrid3D::SpatialCoordinates: Set up spatial 3D Cartesian coordinates on the GH
        IOASCII::IOASCII_Choose1D: Choose 1D output lines
        IOASCII::IOASCII_Choose2D: Choose 2D output planes
        PUGH::PUGH_Report: Report on PUGH set up
      [CCTK_INITIAL]
      [CCTK_POSTINITIAL]
      Initialise finer grids recursively
      Restrict from finer grids
      [CCTK_POSTRESTRICTINITIAL]
      [CCTK_POSTPOSTINITIAL]
      [CCTK_POSTSTEP]
    endif
    if (recover initial data)
      [CCTK_BASEGRID]
        CartGrid3D::SpatialSpacings: Set up ranges for spatial 3D Cartesian coordinates (on all grids)
        CartGrid3D::SpatialCoordinates: Set up spatial 3D Cartesian coordinates on the GH
        IOASCII::IOASCII_Choose1D: Choose 1D output lines
        IOASCII::IOASCII_Choose2D: Choose 2D output planes
        PUGH::PUGH_Report: Report on PUGH set up
      [CCTK_RECOVER_VARIABLES]
      [CCTK_POST_RECOVER_VARIABLES]
    endif
    if (checkpoint initial data)
      [CCTK_CPINITIAL]
    endif
    if (analysis)
      [CCTK_ANALYSIS]
  endif
  Output grid variables

  do loop over timesteps
    [CCTK_PREREGRID]
    Change grid hierarchy
    [CCTK_POSTREGRID]
      CartGrid3D::SpatialCoordinates: Set Coordinates after regridding
    Rotate timelevels
    iteration = iteration+1
    t = t+dt
    [CCTK_PRESTEP]
    [CCTK_EVOL]
    Evolve finer grids recursively
    Restrict from finer grids
    [CCTK_POSTRESTRICT]
    [CCTK_POSTSTEP]
    if (checkpoint)
      [CCTK_CHECKPOINT]
    endif
    if (analysis)
      [CCTK_ANALYSIS]
    endif
    Output grid variables
    enddo

  Termination routines
    [CCTK_TERMINATE]
      PUGH::Driver_Terminate: Termination routine

  Shutdown routines
    [CCTK_SHUTDOWN]

  Routines run after changing the grid hierarchy:
    [CCTK_POSTREGRID]
      CartGrid3D::SpatialCoordinates: Set Coordinates after regridding
--------------------------------------------------------------------------------
INFO (hwloc): library version 2.1.0, API version 0x20100
INFO (SystemTopology): MPI process-to-host mapping:
This is MPI process 0 of 1
MPI hosts:
  0: fv-az246-122
This MPI process runs on host 0 of 1
On this host, this is MPI process 0 of 1
INFO (SystemTopology): Topology support:
Discovery support:
  discovery->pu                            : yes
CPU binding support:
  cpubind->set_thisproc_cpubind            : yes
  cpubind->get_thisproc_cpubind            : yes
  cpubind->set_proc_cpubind                : yes
  cpubind->get_proc_cpubind                : yes
  cpubind->set_thisthread_cpubind          : yes
  cpubind->get_thisthread_cpubind          : yes
  cpubind->set_thread_cpubind              : yes
  cpubind->get_thread_cpubind              : yes
  cpubind->get_thisproc_last_cpu_location  : yes
  cpubind->get_proc_last_cpu_location      : yes
  cpubind->get_thisthread_last_cpu_location: yes
Memory binding support:
  membind->set_thisproc_membind            : no
  membind->get_thisproc_membind            : no
  membind->set_proc_membind                : no
  membind->get_proc_membind                : no
  membind->set_thisthread_membind          : yes
  membind->get_thisthread_membind          : yes
  membind->set_area_membind                : yes
  membind->get_area_membind                : yes
  membind->alloc_membind                   : yes
  membind->firsttouch_membind              : yes
  membind->bind_membind                    : yes
  membind->interleave_membind              : yes
  membind->nexttouch_membind               : no
  membind->migrate_membind                 : yes
INFO (SystemTopology): Hardware objects in this node:
Machine L#0: (P#0, total=7113124KB, DMIProductName="Virtual Machine", DMIProductVersion=7.0, DMIProductUUID=9d5a38bd-6f09-a843-9203-28aa686d7931, DMIBoardVendor="Microsoft Corporation", DMIBoardName="Virtual Machine", DMIBoardVersion=7.0, DMIChassisVendor="Microsoft Corporation", DMIChassisType=3, DMIChassisVersion=7.0, DMIChassisAssetTag=7783-7084-3265-9085-8269-3286-77, DMIBIOSVendor="American Megatrends Inc.", DMIBIOSVersion="090008 ", DMIBIOSDate=12/07/2018, DMISysVendor="Microsoft Corporation", Backend=Linux, LinuxCgroup=/, OSName=Linux, OSRelease=5.13.0-1031-azure, OSVersion="#37~20.04.1-Ubuntu SMP Mon Jun 13 22:51:01 UTC 2022", HostName=fv-az246-122, Architecture=x86_64, hwlocVersion=2.1.0, ProcessName=cactus_sim)
  Package L#0: (P#0, total=7113124KB, CPUVendor=GenuineIntel, CPUFamilyNumber=6, CPUModelNumber=85, CPUModel="Intel(R) Xeon(R) Platinum 8272CL CPU @ 2.60GHz", CPUStepping=7)
    L3Cache L#0: (P#-1, size=36608KB, linesize=64, ways=11, Inclusive=0)
      L2Cache L#0: (P#-1, size=1024KB, linesize=64, ways=16, Inclusive=0)
        L1dCache L#0: (P#-1, size=32KB, linesize=64, ways=8, Inclusive=0)
          Core L#0: (P#0)
            PU L#0: (P#0)
      L2Cache L#1: (P#-1, size=1024KB, linesize=64, ways=16, Inclusive=0)
        L1dCache L#1: (P#-1, size=32KB, linesize=64, ways=8, Inclusive=0)
          Core L#1: (P#1)
            PU L#1: (P#1)
INFO (SystemTopology): Thread CPU bindings:
  MPI process 0 on host 0 (process 0 of 1 on this host)
    OpenMP thread 0: PU set L#{0-1} P#{0-1}
    OpenMP thread 1: PU set L#{0-1} P#{0-1}
INFO (SystemTopology): Setting thread CPU bindings:
INFO (SystemTopology): Thread CPU bindings:
  MPI process 0 on host 0 (process 0 of 1 on this host)
    OpenMP thread 0: PU set L#{0} P#{0}
    OpenMP thread 1: PU set L#{1} P#{1}
INFO (SystemTopology): Extracting CPU/cache/memory properties:
  There are 1 PUs per core (aka hardware SMT threads)
  There are 1 threads per core (aka SMT threads used)
  Cache (unknown name) has type "data" depth 1
    size 32768 linesize 64 associativity 8 stride 4096, for 1 PUs
  Cache (unknown name) has type "unified" depth 2
    size 1048576 linesize 64 associativity 16 stride 65536, for 1 PUs
  Cache (unknown name) has type "unified" depth 3
    size 37486592 linesize 64 associativity 11 stride 3407872, for 2 PUs
INFO (PUGH): Using physical to logical mappings: direct
INFO (PUGH): Using topology generator: automatic
INFO (Vectors): Using vector size 2 for architecture SSE2 (64-bit precision)
--------------------------------------------------------------------------------
Driver provided by PUGH
--------------------------------------------------------------------------------

INFO (PUGH): Not setting up a topology for 1 dimensions
INFO (PUGH): Not setting up a topology for 2 dimensions
INFO (PUGH): Setting up a topology for 3 dimensions
INFO (IOASCII): I/O Method 'IOASCII_1D' registered: output of 1D lines of grid functions/arrays to ASCII files
INFO (IOASCII): Periodic 1D output every 1 iterations
INFO (IOASCII): Periodic 1D output requested for 'GRID::r'
INFO (IOASCII): I/O Method 'IOASCII_2D' registered: output of 2D planes of grid functions/arrays to ASCII files
INFO (IOASCII): Periodic 2D output turned off
INFO (IOASCII): I/O Method 'IOASCII_3D' registered: output of 3D grid functions/arrays to ASCII files
INFO (IOASCII): Periodic 3D output turned off
INFO (MemSpeed): Measuring CPU, cache, memory, and communication speeds:
  Single-core measurements (using 1 MPI processes with 1 OpenMP threads each):
    CPU frequency:
      iterations=1000000... time=0.00133681 sec
      iterations=10000000... time=0.013389 sec
      iterations=100000000... time=0.133934 sec
      iterations=800000000... time=1.07186 sec
      iterations=800000000... time=1.07093 sec
      result: 1714.34 GHz
    CPU floating point performance:
      iterations=1000000... time=0.00298132 sec
      iterations=10000000... time=0.0299676 sec
      iterations=100000000... time=0.299921 sec
      iterations=400000000... time=1.19686 sec
      result: 10.6946 Gflop/sec
    CPU integer performance:
      iterations=1000000... time=0.00184121 sec
      iterations=10000000... time=0.0184351 sec
      iterations=100000000... time=0.18429 sec
      iterations=600000000... time=1.106 sec
      result: 8.67995 Giop/sec
    Read latency of D1 cache (for 1 PUs) (using 1*24576 bytes):
      iterations=1000... time=0.000134701 sec
      iterations=10000... time=0.00134271 sec
      iterations=100000... time=0.0133822 sec
      iterations=1000000... time=0.133885 sec
      iterations=8000000... time=1.07204 sec
      result: 1.34006 nsec
    Read latency of L2 cache (for 1 PUs) (using 1*786432 bytes):
      iterations=1000... time=0.000535204 sec
      iterations=10000... time=0.00512383 sec
      iterations=100000... time=0.0507798 sec
      iterations=1000000... time=0.507659 sec
      iterations=2000000... time=1.01558 sec
      result: 5.07788 nsec
    Read latency of L3 cache (for 2 PUs) (using 1*28114944 bytes):
      [skipped -- avoiding large-memory benchmarks]
    Read bandwidth of D1 cache (for 1 PUs) (using 1*24576 bytes):
      iterations=1... time=6e-07 sec
      iterations=10... time=3.2e-06 sec
      iterations=100... time=3.07e-05 sec
      iterations=1000... time=0.000305002 sec
      iterations=10000... time=0.00305892 sec
      iterations=100000... time=0.0305319 sec
      iterations=1000000... time=0.305366 sec
      iterations=4000000... time=1.22136 sec
      result: 80.4873 GByte/sec
    Read bandwidth of L2 cache (for 1 PUs) (using 1*786432 bytes):
      iterations=1... time=1.92e-05 sec
      iterations=10... time=0.000159101 sec
      iterations=100... time=0.00154481 sec
      iterations=1000... time=0.0154851 sec
      iterations=10000... time=0.154889 sec
      iterations=70000... time=1.08477 sec
      result: 50.7485 GByte/sec
    Read bandwidth of L3 cache (for 2 PUs) (using 1*28114944 bytes):
      [skipped -- avoiding large-memory benchmarks]
    Write latency of D1 cache (for 1 PUs) (using 1*24576 bytes):
      iterations=1000... time=2.9e-06 sec
      iterations=10000... time=2.7e-05 sec
      iterations=100000... time=0.000267802 sec
      iterations=1000000... time=0.00267932 sec
      iterations=10000000... time=0.0267641 sec
      iterations=100000000... time=0.267805 sec
      iterations=400000000... time=1.07151 sec
      result: 0.334847 nsec
    Write latency of L2 cache (for 1 PUs) (using 1*786432 bytes):
      iterations=1000... time=2.88e-05 sec
      iterations=10000... time=0.000144701 sec
      iterations=100000... time=0.00141701 sec
      iterations=1000000... time=0.0141803 sec
      iterations=10000000... time=0.141618 sec
      iterations=80000000... time=1.13957 sec
      result: 1.78057 nsec
    Write latency of L3 cache (for 2 PUs) (using 1*28114944 bytes):
      [skipped -- avoiding large-memory benchmarks]
    Write bandwidth of D1 cache (for 1 PUs) (using 1*24576 bytes):
      iterations=1... time=4e-07 sec
      iterations=10... time=1.7e-06 sec
      iterations=100... time=1.51e-05 sec
      iterations=1000... time=0.000150901 sec
      iterations=10000... time=0.00151131 sec
      iterations=100000... time=0.0150864 sec
      iterations=1000000... time=0.150617 sec
      iterations=7000000... time=1.05393 sec
      result: 163.229 GByte/sec
    Write bandwidth of L2 cache (for 1 PUs) (using 1*786432 bytes):
      iterations=1... time=2.27e-05 sec
      iterations=10... time=0.000230101 sec
      iterations=100... time=0.00230262 sec
      iterations=1000... time=0.0228848 sec
      iterations=10000... time=0.204751 sec
      iterations=50000... time=0.830172 sec
      iterations=100000... time=1.45563 sec
      result: 54.0269 GByte/sec
    Write bandwidth of L3 cache (for 2 PUs) (using 1*28114944 bytes):
      [skipped -- avoiding large-memory benchmarks]
    Stencil code performance of D1 cache (for 1 PUs) (using 1*12^3 grid points, 1*27648 bytes):
      iterations=1... time=3.17e-05 sec
      iterations=10... time=0.000225202 sec
      iterations=100... time=0.00224521 sec
      iterations=1000... time=0.0224315 sec
      iterations=10000... time=0.224538 sec
      iterations=50000... time=1.12267 sec
      result: 0.0769594 Gupdates/sec
    Stencil code performance of L2 cache (for 1 PUs) (using 1*37^3 grid points, 1*810448 bytes):
      iterations=1... time=0.000193002 sec
      iterations=10... time=0.00181651 sec
      iterations=100... time=0.0179011 sec
      iterations=1000... time=0.179457 sec
      iterations=6000... time=1.08345 sec
      result: 0.280508 Gupdates/sec
    Stencil code performance of L3 cache (for 2 PUs) (using 1*121^3 grid points, 1*28344976 bytes):
      iterations=1... time=0.00453723 sec
      iterations=10... time=0.0475068 sec
      iterations=100... time=0.454423 sec
      iterations=200... time=0.922319 sec
      iterations=400... time=1.85082 sec
      result: 0.382871 Gupdates/sec
  Single-node measurements (using 1 MPI processes with 2 OpenMP threads each):
    CPU frequency:
      iterations=1000000... time=0.00144151 sec
      iterations=10000000... time=0.0137961 sec
      iterations=100000000... time=0.134094 sec
      iterations=800000000... time=1.07437 sec
      iterations=800000000... time=1.07621 sec
      result: -870.34 GHz
    CPU floating point performance:
      iterations=1000000... time=0.00299457 sec
      iterations=10000000... time=0.0299095 sec
      iterations=100000000... time=0.299241 sec
      iterations=400000000... time=1.2001 sec
      result: 10.6658 Gflop/sec
    CPU integer performance:
      iterations=1000000... time=0.00185591 sec
      iterations=10000000... time=0.0184316 sec
      iterations=100000000... time=0.184467 sec
      iterations=600000000... time=1.10996 sec
      result: 8.64893 Giop/sec
    Read latency of D1 cache (for 1 PUs) (using 2*24576 bytes):
      iterations=1000... time=0.000134251 sec
      iterations=10000... time=0.00133936 sec
      iterations=100000... time=0.0136729 sec
      iterations=1000000... time=0.134452 sec
      iterations=8000000... time=1.07382 sec
      result: 1.34228 nsec
    Read latency of L2 cache (for 1 PUs) (using 2*786432 bytes):
      iterations=1000... time=0.000589154 sec
      iterations=10000... time=0.00578124 sec
      iterations=100000... time=0.0581173 sec
      iterations=1000000... time=0.580756 sec
      iterations=2000000... time=1.16201 sec
      result: 5.81006 nsec
    Read latency of L3 cache (for 2 PUs) (using 1*28114944 bytes):
      [skipped -- avoiding large-memory benchmarks]
    Read bandwidth of D1 cache (for 1 PUs) (using 2*24576 bytes):
      iterations=1... time=6.5e-07 sec
      iterations=10... time=3.45e-06 sec
      iterations=100... time=3.3e-05 sec
      iterations=1000... time=0.000343852 sec
      iterations=10000... time=0.00328752 sec
      iterations=100000... time=0.0309621 sec
      iterations=1000000... time=0.306353 sec
      iterations=4000000... time=1.22498 sec
      result: 80.2495 GByte/sec
    Read bandwidth of L2 cache (for 1 PUs) (using 2*786432 bytes):
      iterations=1... time=1.855e-05 sec
      iterations=10... time=0.000160351 sec
      iterations=100... time=0.00160231 sec
      iterations=1000... time=0.0159377 sec
      iterations=10000... time=0.159771 sec
      iterations=70000... time=1.12091 sec
      result: 49.1119 GByte/sec
    Read bandwidth of L3 cache (for 2 PUs) (using 1*28114944 bytes):
      [skipped -- avoiding large-memory benchmarks]
    Write latency of D1 cache (for 1 PUs) (using 2*24576 bytes):
      iterations=1000... time=3.5e-06 sec
      iterations=10000... time=2.915e-05 sec
      iterations=100000... time=0.000288202 sec
      iterations=1000000... time=0.00286832 sec
      iterations=10000000... time=0.0268266 sec
      iterations=100000000... time=0.268977 sec
      iterations=400000000... time=1.07502 sec
      result: 0.335944 nsec
    Write latency of L2 cache (for 1 PUs) (using 2*786432 bytes):
      iterations=1000... time=3.2e-05 sec
      iterations=10000... time=0.000153251 sec
      iterations=100000... time=0.00150081 sec
      iterations=1000000... time=0.0149906 sec
      iterations=10000000... time=0.149682 sec
      iterations=70000000... time=1.05096 sec
      result: 1.87672 nsec
    Write latency of L3 cache (for 2 PUs) (using 1*28114944 bytes):
      [skipped -- avoiding large-memory benchmarks]
    Write bandwidth of D1 cache (for 1 PUs) (using 2*24576 bytes):
      iterations=1... time=9.5e-07 sec
      iterations=10... time=4.3e-06 sec
      iterations=100... time=1.675e-05 sec
      iterations=1000... time=0.000162402 sec
      iterations=10000... time=0.00163356 sec
      iterations=100000... time=0.0156714 sec
      iterations=1000000... time=0.153422 sec
      iterations=7000000... time=1.10316 sec
      result: 155.945 GByte/sec
    Write bandwidth of L2 cache (for 1 PUs) (using 2*786432 bytes):
      iterations=1... time=3.105e-05 sec
      iterations=10... time=0.000308352 sec
      iterations=100... time=0.00317457 sec
      iterations=1000... time=0.0422843 sec
      iterations=10000... time=0.404537 sec
      iterations=30000... time=0.591957 sec
      iterations=60000... time=0.902703 sec
      iterations=120000... time=1.95575 sec
      result: 48.2536 GByte/sec
    Write bandwidth of L3 cache (for 2 PUs) (using 1*28114944 bytes):
      [skipped -- avoiding large-memory benchmarks]
    Stencil code performance of D1 cache (for 1 PUs) (using 2*9^3 grid points, 2*11664 bytes):
      iterations=1... time=3.15e-06 sec
      iterations=10... time=2.925e-05 sec
      iterations=100... time=0.000296502 sec
      iterations=1000... time=0.00286202 sec
      iterations=10000... time=0.0277399 sec
      iterations=100000... time=0.277971 sec
      iterations=400000... time=1.11555 sec
      result: 0.261395 Gupdates/sec
    Stencil code performance of L2 cache (for 1 PUs) (using 2*29^3 grid points, 2*390224 bytes):
      iterations=1... time=2.95e-05 sec
      iterations=10... time=0.000285102 sec
      iterations=100... time=0.00280407 sec
      iterations=1000... time=0.0283188 sec
      iterations=10000... time=0.279781 sec
      iterations=40000... time=1.12174 sec
      result: 0.869687 Gupdates/sec
    Stencil code performance of L3 cache (for 2 PUs) (using 1*121^3 grid points, 1*28344976 bytes):
      iterations=1... time=0.00101711 sec
      iterations=10... time=0.0100433 sec
      iterations=100... time=0.100025 sec
      iterations=1000... time=1.01658 sec
      result: 1.74267 Gupdates/sec
INFO (Vectors): Testing vectorisation... [errors may result in segfaults]
INFO (Vectors): 375/375 tests passed 
INFO (CartGrid3D): Grid Spacings:
INFO (CartGrid3D): dx=>1.1111111e-01  dy=>1.1111111e-01  dz=>1.1111111e-01
INFO (CartGrid3D): Computational Coordinates:
INFO (CartGrid3D): x=>[-0.500, 0.500]  y=>[-0.500, 0.500]  z=>[-0.500, 0.500]
INFO (CartGrid3D): Indices of Physical Coordinates:
INFO (CartGrid3D): x=>[0,9]  y=>[0,9]  z=>[0,9]
INFO (PUGH): MPI Evolution on 1 processors
INFO (PUGH): 3-dimensional grid functions
INFO (PUGH):   Size: 10 10 10
INFO (PUGH):   Processor topology: 1 x 1 x 1
INFO (PUGH):   Local load: 1000   [10 x 10 x 10]
INFO (PUGH):   Maximum load skew: 0.000000
--------------------------------------------------------------------------------
Done.
+ echo Stopping:
Stopping:
+ date
Sat Jul 16 23:09:22 UTC 2022
+ echo Done.
Done.
  Elapsed time: 51.2 s
